<?xml version="1.0" encoding="utf-8"?><testsuites name="pytest tests"><testsuite name="pytest" errors="0" failures="0" skipped="0" tests="251" time="211.273" timestamp="2026-09-06T22:14:33.140732-05:00" hostname="aiserver1"><testcase classname="tests.sdk-conformance.test_acceptance_decisions" name="test_budget_decision_rejects_incorrect_displayed_limit[broker0]" time="3.298" /><testcase classname="tests.sdk-conformance.test_acceptance_decisions" name="test_browser_onboarding_displayed_key_attribution_and_budget_decisions[broker0]" time="3.502" /><testcase classname="tests.sdk-conformance.test_acceptance_decisions" name="test_browser_broker_error_decision_and_exact_reference_recovery[locked-423-vault_locked-Unlock the broker outside Sandhi and retry explicitly-broker0]" time="2.226" /><testcase classname="tests.sdk-conformance.test_acceptance_decisions" name="test_browser_broker_error_decision_and_exact_reference_recovery[missing-404-vault_missing-No credential at the authorized reference-broker0]" time="2.217" /><testcase classname="tests.sdk-conformance.test_acceptance_decisions" name="test_browser_broker_error_decision_and_exact_reference_recovery[denied-403-vault_denied-Access denied. This operation is not available with the current access configuration.-broker0]" time="2.252" /><testcase classname="tests.sdk-conformance.test_agentbrowser_smoke" name="test_agentbrowser_dashboard" time="2.826" /><testcase classname="tests.sdk-conformance.test_anthropic_sdk" name="test_messages_create_works_unmodified" time="0.029" /><testcase classname="tests.sdk-conformance.test_anthropic_sdk" name="test_the_client_never_sends_and_upstream_never_sees_the_virtual_key" time="0.008" /><testcase classname="tests.sdk-conformance.test_anthropic_sdk" name="test_streaming_works_unmodified" time="0.046" /><testcase classname="tests.sdk-conformance.test_anthropic_sdk" name="test_a_wrong_virtual_key_is_rejected" time="0.006" /><testcase classname="tests.sdk-conformance.test_anthropic_sdk" name="test_models_list_works_unmodified" time="0.009" /><testcase classname="tests.sdk-conformance.test_broker" name="test_native_save_uses_real_admin_handler_without_nested_runtime" time="1.936" /><testcase classname="tests.sdk-conformance.test_broker" name="test_read_grant_registers_reference_but_cannot_save[broker0]" time="1.216" /><testcase classname="tests.sdk-conformance.test_broker" name="test_reference_failure_states_are_distinct_and_do_not_register[locked-423-vault_locked]" time="1.214" /><testcase classname="tests.sdk-conformance.test_broker" name="test_reference_failure_states_are_distinct_and_do_not_register[missing-404-vault_missing]" time="1.213" /><testcase classname="tests.sdk-conformance.test_broker" name="test_invalid_or_missing_client_token_never_falls_back[broker0]" time="1.214" /><testcase classname="tests.sdk-conformance.test_broker" name="test_invalid_or_missing_client_token_never_falls_back[broker1]" time="1.211" /><testcase classname="tests.sdk-conformance.test_broker" name="test_capabilities_are_support_not_authorization_and_reference_is_exact" time="1.215" /><testcase classname="tests.sdk-conformance.test_broker" name="test_locked_write_is_rejected_and_redacted" time="1.213" /><testcase classname="tests.sdk-conformance.test_broker" name="test_reference_requires_admin_and_metadata_commit" time="1.220" /><testcase classname="tests.sdk-conformance.test_broker" name="test_inventory_failure_is_not_an_empty_success" time="1.204" /><testcase classname="tests.sdk-conformance.test_broker" name="test_cli_reference_does_not_consume_or_forward_stdin[broker0]" time="1.216" /><testcase classname="tests.sdk-conformance.test_broker" name="test_credential_scheme_aliases_reach_the_broker_and_persist[False-api-key-api_key]" time="1.213" /><testcase classname="tests.sdk-conformance.test_broker" name="test_credential_scheme_aliases_reach_the_broker_and_persist[False-API_KEY-api_key]" time="1.213" /><testcase classname="tests.sdk-conformance.test_broker" name="test_credential_scheme_aliases_reach_the_broker_and_persist[False-Bearer-bearer]" time="1.214" /><testcase classname="tests.sdk-conformance.test_broker" name="test_credential_scheme_aliases_reach_the_broker_and_persist[False-OAuth-oauth]" time="1.163" /><testcase classname="tests.sdk-conformance.test_broker" name="test_credential_scheme_aliases_reach_the_broker_and_persist[True-api-key-api_key]" time="1.213" /><testcase classname="tests.sdk-conformance.test_broker" name="test_credential_scheme_aliases_reach_the_broker_and_persist[True-API_KEY-api_key]" time="1.212" /><testcase classname="tests.sdk-conformance.test_broker" name="test_credential_scheme_aliases_reach_the_broker_and_persist[True-Bearer-bearer]" time="1.214" /><testcase classname="tests.sdk-conformance.test_broker" name="test_credential_scheme_aliases_reach_the_broker_and_persist[True-OAuth-oauth]" time="1.213" /><testcase classname="tests.sdk-conformance.test_broker" name="test_unknown_credential_scheme_is_rejected_before_broker_access" time="1.104" /><testcase classname="tests.sdk-conformance.test_broker" name="test_config_api_key_alias_exercises_real_metadata_failure_then_commits" time="1.231" /><testcase classname="tests.sdk-conformance.test_broker" name="test_config_preserves_ambiguous_broker_write_reconciliation" time="1.381" /><testcase classname="tests.sdk-conformance.test_broker" name="test_unavailable_configuration_does_not_select_another_backend[broker0]" time="1.756" /><testcase classname="tests.sdk-conformance.test_broker" name="test_unavailable_configuration_does_not_select_another_backend[broker1]" time="1.204" /><testcase classname="tests.sdk-conformance.test_broker" name="test_explicit_cli_capabilities_disable_unsupported_onboarding[broker0]" time="1.204" /><testcase classname="tests.sdk-conformance.test_broker" name="test_hung_write_is_bounded_health_remains_live_and_no_retry_occurs" time="1.381" /><testcase classname="tests.sdk-conformance.test_broker" name="test_browser_registers_a_reference_without_sending_a_secret[broker0]" time="1.923" /><testcase classname="tests.sdk-conformance.test_buffer_metrics" name="test_configured_buffer_metrics_use_real_capacities_and_existing_auth[dashboard0]" time="1.147" /><testcase classname="tests.sdk-conformance.test_buffer_metrics" name="test_unconfigured_buffers_are_not_reported_as_active_zero_backlogs[dashboard0]" time="1.071" /><testcase classname="tests.sdk-conformance.test_dashboard" name="test_authenticated_keyboard_journey_and_one_time_key" time="2.645" /><testcase classname="tests.sdk-conformance.test_dashboard" name="test_public_reads_remain_available_but_admin_actions_are_locked[dashboard0]" time="1.321" /><testcase classname="tests.sdk-conformance.test_dashboard" name="test_public_reads_remain_available_but_admin_actions_are_locked[dashboard1]" time="1.296" /><testcase classname="tests.sdk-conformance.test_dashboard" name="test_missing_store_is_not_zero_usage[dashboard0]" time="1.241" /><testcase classname="tests.sdk-conformance.test_dashboard" name="test_failed_or_incomplete_reads_never_become_empty_success[401-locked]" time="1.399" /><testcase classname="tests.sdk-conformance.test_dashboard" name="test_failed_or_incomplete_reads_never_become_empty_success[403-forbidden]" time="1.399" /><testcase classname="tests.sdk-conformance.test_dashboard" name="test_failed_or_incomplete_reads_never_become_empty_success[404-unconfigured]" time="1.396" /><testcase classname="tests.sdk-conformance.test_dashboard" name="test_failed_or_incomplete_reads_never_become_empty_success[503-unavailable]" time="1.397" /><testcase classname="tests.sdk-conformance.test_dashboard" name="test_failed_or_incomplete_reads_never_become_empty_success[200-unavailable]" time="1.404" /><testcase classname="tests.sdk-conformance.test_dashboard" name="test_failed_refresh_marks_previous_data_stale" time="1.518" /><testcase classname="tests.sdk-conformance.test_dashboard" name="test_old_authenticated_response_cannot_restore_data_after_clear" time="1.517" /><testcase classname="tests.sdk-conformance.test_dashboard" name="test_credential_metadata_is_inert_and_actions_preserve_exact_labels" time="1.517" /><testcase classname="tests.sdk-conformance.test_dashboard" name="test_real_store_read_failure_is_503[usage_events-usage]" time="1.140" /><testcase classname="tests.sdk-conformance.test_dashboard" name="test_real_store_read_failure_is_503[virtual_keys-keys]" time="1.149" /><testcase classname="tests.sdk-conformance.test_dashboard" name="test_real_store_read_failure_is_503[vault-keys]" time="1.139" /><testcase classname="tests.sdk-conformance.test_dashboard" name="test_real_store_read_failure_is_503[alert_rules-alerts]" time="1.118" /><testcase classname="tests.sdk-conformance.test_dashboard" name="test_real_store_read_failure_is_503[budget_reservation-budgets]" time="1.146" /><testcase classname="tests.sdk-conformance.test_dashboard" name="test_served_assets_and_csp" time="1.299" /><testcase classname="tests.sdk-conformance.test_gemini_sdk" name="test_generate_content_works_unmodified" time="0.013" /><testcase classname="tests.sdk-conformance.test_gemini_sdk" name="test_upstream_receives_the_real_key_not_the_virtual_one" time="0.009" /><testcase classname="tests.sdk-conformance.test_gemini_sdk" name="test_streaming_works_unmodified" time="0.010" /><testcase classname="tests.sdk-conformance.test_gemini_sdk" name="test_the_query_key_form_is_not_accepted" time="0.005" /><testcase classname="tests.sdk-conformance.test_gemini_sdk" name="test_errors_come_back_in_googles_shape" time="0.005" /><testcase classname="tests.sdk-conformance.test_gemini_sdk" name="test_an_unsupported_method_is_refused_in_googles_shape" time="0.004" /><testcase classname="tests.sdk-conformance.test_gemini_sdk" name="test_models_list_works_unmodified" time="0.009" /><testcase classname="tests.sdk-conformance.test_gemini_sdk" name="test_cross_family_gemini_client_to_openai_upstream" time="0.016" /><testcase classname="tests.sdk-conformance.test_management" name="test_invalid_budget_intent_has_no_side_effects[changes0]" time="1.148" /><testcase classname="tests.sdk-conformance.test_management" name="test_invalid_budget_intent_has_no_side_effects[changes1]" time="1.146" /><testcase classname="tests.sdk-conformance.test_management" name="test_invalid_budget_intent_has_no_side_effects[changes2]" time="1.149" /><testcase classname="tests.sdk-conformance.test_management" name="test_invalid_budget_intent_has_no_side_effects[changes3]" time="1.148" /><testcase classname="tests.sdk-conformance.test_management" name="test_invalid_budget_intent_has_no_side_effects[changes4]" time="1.145" /><testcase classname="tests.sdk-conformance.test_management" name="test_budget_commit_and_failed_update_survive_restart[False]" time="2.160" /><testcase classname="tests.sdk-conformance.test_management" name="test_budget_commit_and_failed_update_survive_restart[True]" time="2.206" /><testcase classname="tests.sdk-conformance.test_management" name="test_concurrent_budget_writers_publish_committed_order" time="1.275" /><testcase classname="tests.sdk-conformance.test_management" name="test_inline_alert_failure_reports_committed_budget" time="1.148" /><testcase classname="tests.sdk-conformance.test_management" name="test_cli_reports_partial_budget_and_exits_nonzero" time="2.507" /><testcase classname="tests.sdk-conformance.test_management" name="test_failed_budget_ui_does_not_retain_previous_success" time="2.017" /><testcase classname="tests.sdk-conformance.test_management" name="test_config_invalid_budget_preflight_prevents_earlier_valid_write" time="1.144" /><testcase classname="tests.sdk-conformance.test_management" name="test_config_failed_budget_does_not_create_dependent_alerts" time="1.091" /><testcase classname="tests.sdk-conformance.test_management" name="test_config_store_failures_are_not_success_or_skipped[alert_rules-config0-alert]" time="1.146" /><testcase classname="tests.sdk-conformance.test_management" name="test_config_store_failures_are_not_success_or_skipped[virtual_keys-config1-vkey]" time="1.138" /><testcase classname="tests.sdk-conformance.test_management" name="test_config_dedup_read_failure_is_not_an_empty_inventory[alert_rules-config0]" time="1.108" /><testcase classname="tests.sdk-conformance.test_management" name="test_config_dedup_read_failure_is_not_an_empty_inventory[virtual_keys-config1]" time="1.088" /><testcase classname="tests.sdk-conformance.test_management" name="test_partial_config_ui_preserves_one_time_key_and_reports_failure" time="1.488" /><testcase classname="tests.sdk-conformance.test_management" name="test_config_success_and_retry_are_truthful" time="1.214" /><testcase classname="tests.sdk-conformance.test_observability" name="test_plane_selection_is_observable" time="1.214" /><testcase classname="tests.sdk-conformance.test_observability" name="test_request_telemetry_carries_no_credentials_or_attribution" time="1.214" /><testcase classname="tests.sdk-conformance.test_observability" name="test_the_binary_installs_a_subscriber_at_all" time="1.213" /><testcase classname="tests.sdk-conformance.test_openai_sdk" name="test_chat_completion_works_unmodified" time="0.433" /><testcase classname="tests.sdk-conformance.test_openai_sdk" name="test_upstream_receives_the_real_key_not_the_virtual_one" time="0.007" /><testcase classname="tests.sdk-conformance.test_openai_sdk" name="test_streaming_works_unmodified" time="0.010" /><testcase classname="tests.sdk-conformance.test_openai_sdk" name="test_x_api_key_is_not_accepted_on_the_openai_dialect" time="0.004" /><testcase classname="tests.sdk-conformance.test_openai_sdk" name="test_a_wrong_virtual_key_is_rejected" time="0.005" /><testcase classname="tests.sdk-conformance.test_openai_sdk" name="test_models_list_returns_only_what_the_key_permits" time="0.006" /><testcase classname="tests.sdk-conformance.test_reasoning" name="test_reasoning_accounted_once_across_planes[gemini-False-25]" time="1.159" /><testcase classname="tests.sdk-conformance.test_reasoning" name="test_reasoning_accounted_once_across_planes[gemini-False-40]" time="1.162" /><testcase classname="tests.sdk-conformance.test_reasoning" name="test_reasoning_accounted_once_across_planes[gemini-False-90]" time="1.167" /><testcase classname="tests.sdk-conformance.test_reasoning" name="test_reasoning_accounted_once_across_planes[gemini-True-25]" time="1.153" /><testcase classname="tests.sdk-conformance.test_reasoning" name="test_reasoning_accounted_once_across_planes[gemini-True-40]" time="1.115" /><testcase classname="tests.sdk-conformance.test_reasoning" name="test_reasoning_accounted_once_across_planes[gemini-True-90]" time="1.164" /><testcase classname="tests.sdk-conformance.test_reasoning" name="test_reasoning_accounted_once_across_planes[openai-False-25]" time="1.164" /><testcase classname="tests.sdk-conformance.test_reasoning" name="test_reasoning_accounted_once_across_planes[openai-False-40]" time="1.162" /><testcase classname="tests.sdk-conformance.test_reasoning" name="test_reasoning_accounted_once_across_planes[openai-False-90]" time="1.160" /><testcase classname="tests.sdk-conformance.test_reasoning" name="test_reasoning_accounted_once_across_planes[openai-True-25]" time="1.102" /><testcase classname="tests.sdk-conformance.test_reasoning" name="test_reasoning_accounted_once_across_planes[openai-True-40]" time="1.122" /><testcase classname="tests.sdk-conformance.test_reasoning" name="test_reasoning_accounted_once_across_planes[openai-True-90]" time="1.163" /><testcase classname="tests.sdk-conformance.test_reasoning" name="test_reasoning_accounted_once_across_planes[responses-False-25]" time="1.161" /><testcase classname="tests.sdk-conformance.test_reasoning" name="test_reasoning_accounted_once_across_planes[responses-False-40]" time="1.166" /><testcase classname="tests.sdk-conformance.test_reasoning" name="test_reasoning_accounted_once_across_planes[responses-False-90]" time="1.163" /><testcase classname="tests.sdk-conformance.test_reasoning" name="test_reasoning_accounted_once_across_planes[responses-True-25]" time="1.155" /><testcase classname="tests.sdk-conformance.test_reasoning" name="test_reasoning_accounted_once_across_planes[responses-True-40]" time="1.204" /><testcase classname="tests.sdk-conformance.test_reasoning" name="test_reasoning_accounted_once_across_planes[responses-True-90]" time="1.152" /><testcase classname="tests.sdk-conformance.test_reasoning" name="test_reasoning_accounted_once_across_planes[anthropic-False-25]" time="1.132" /><testcase classname="tests.sdk-conformance.test_reasoning" name="test_reasoning_accounted_once_across_planes[anthropic-False-40]" time="1.172" /><testcase classname="tests.sdk-conformance.test_reasoning" name="test_reasoning_accounted_once_across_planes[anthropic-False-90]" time="1.163" /><testcase classname="tests.sdk-conformance.test_reasoning" name="test_reasoning_accounted_once_across_planes[anthropic-True-25]" time="1.157" /><testcase classname="tests.sdk-conformance.test_reasoning" name="test_reasoning_accounted_once_across_planes[anthropic-True-40]" time="1.129" /><testcase classname="tests.sdk-conformance.test_reasoning" name="test_reasoning_accounted_once_across_planes[anthropic-True-90]" time="1.162" /><testcase classname="tests.sdk-conformance.test_recovery" name="test_clean_restart_and_isolated_restore_preserve_evidence_and_continue_accounting[single-file]" time="1.872"><properties><property name="restore_elapsed_seconds" value="0.001066" /><property name="executable_sha256" value="e631401b37bd18800867fdd93077ac5198f78ae46b6fa88c9c338adb5e30325e" /><property name="source_database_count" value="1" /><property name="verified_source_rows" value="11" /></properties></testcase><testcase classname="tests.sdk-conformance.test_recovery" name="test_clean_restart_and_isolated_restore_preserve_evidence_and_continue_accounting[two-shards]" time="1.996"><properties><property name="restore_elapsed_seconds" value="0.001679" /><property name="executable_sha256" value="e631401b37bd18800867fdd93077ac5198f78ae46b6fa88c9c338adb5e30325e" /><property name="source_database_count" value="3" /><property name="verified_source_rows" value="11" /></properties></testcase><testcase classname="tests.sdk-conformance.test_recovery" name="test_real_sigkill_preserves_unexpired_lease_without_fabricating_usage[single-file]" time="1.426" /><testcase classname="tests.sdk-conformance.test_recovery" name="test_real_sigkill_preserves_unexpired_lease_without_fabricating_usage[two-shards]" time="1.455" /><testcase classname="tests.sdk-conformance.test_recovery" name="test_old_snapshot_revocation_is_reconciled_without_provider_credentials_before_admission" time="2.003" /><testcase classname="tests.sdk-conformance.test_recovery_agentbrowser" name="test_agentbrowser_observes_restored_dashboard" time="11.466" /><testcase classname="tests.sdk-conformance.test_recovery_broker" name="test_restored_metadata_is_not_broker_authority[locked]" time="2.260" /><testcase classname="tests.sdk-conformance.test_recovery_broker" name="test_restored_metadata_is_not_broker_authority[missing]" time="0.316" /><testcase classname="tests.sdk-conformance.test_recovery_broker" name="test_restored_metadata_is_not_broker_authority[denied]" time="0.323" /><testcase classname="tests.sdk-conformance.test_recovery_broker" name="test_restored_metadata_is_not_broker_authority[plain]" time="0.306" /><testcase classname="tests.sdk-conformance.test_recovery_snapshot" name="test_fixed_topology_round_trip_preserves_unknown_tables_and_source[1]" time="0.046" /><testcase classname="tests.sdk-conformance.test_recovery_snapshot" name="test_fixed_topology_round_trip_preserves_unknown_tables_and_source[2]" time="0.112" /><testcase classname="tests.sdk-conformance.test_recovery_snapshot" name="test_backup_includes_uncheckpointed_wal_without_modifying_source" time="0.075" /><testcase classname="tests.sdk-conformance.test_recovery_snapshot" name="test_snapshot_refuses_missing_or_unexpected_shards_before_destination[2-False]" time="0.022" /><testcase classname="tests.sdk-conformance.test_recovery_snapshot" name="test_snapshot_refuses_missing_or_unexpected_shards_before_destination[1-True]" time="0.038" /><testcase classname="tests.sdk-conformance.test_recovery_snapshot" name="test_restore_rejects_invalid_snapshot_before_creating_target[missing]" time="0.032" /><testcase classname="tests.sdk-conformance.test_recovery_snapshot" name="test_restore_rejects_invalid_snapshot_before_creating_target[corrupt]" time="0.039" /><testcase classname="tests.sdk-conformance.test_recovery_snapshot" name="test_restore_rejects_invalid_snapshot_before_creating_target[checksum]" time="0.029" /><testcase classname="tests.sdk-conformance.test_recovery_snapshot" name="test_restore_rejects_invalid_snapshot_before_creating_target[version]" time="0.030" /><testcase classname="tests.sdk-conformance.test_recovery_snapshot" name="test_restore_rejects_invalid_snapshot_before_creating_target[topology]" time="0.037" /><testcase classname="tests.sdk-conformance.test_recovery_snapshot" name="test_restore_rejects_invalid_snapshot_before_creating_target[traversal]" time="0.037" /><testcase classname="tests.sdk-conformance.test_recovery_snapshot" name="test_restore_rejects_invalid_snapshot_before_creating_target[absolute]" time="0.031" /><testcase classname="tests.sdk-conformance.test_recovery_snapshot" name="test_restore_rejects_invalid_snapshot_before_creating_target[duplicate]" time="0.029" /><testcase classname="tests.sdk-conformance.test_recovery_snapshot" name="test_restore_rejects_invalid_snapshot_before_creating_target[extra]" time="0.030" /><testcase classname="tests.sdk-conformance.test_recovery_snapshot" name="test_restore_rejects_invalid_snapshot_before_creating_target[bool-topology]" time="0.030" /><testcase classname="tests.sdk-conformance.test_recovery_snapshot" name="test_restore_rejects_invalid_snapshot_before_creating_target[record-shape]" time="0.030" /><testcase classname="tests.sdk-conformance.test_recovery_snapshot" name="test_restore_rejects_invalid_snapshot_before_creating_target[manifest-json]" time="0.031" /><testcase classname="tests.sdk-conformance.test_recovery_snapshot" name="test_restore_rejects_requested_topology_change" time="0.031" /><testcase classname="tests.sdk-conformance.test_recovery_snapshot" name="test_neither_snapshot_nor_restore_overwrites_existing_directory" time="0.035" /><testcase classname="tests.sdk-conformance.test_recovery_snapshot" name="test_restore_rejects_overlapping_target_without_changing_archive[same]" time="0.032" /><testcase classname="tests.sdk-conformance.test_recovery_snapshot" name="test_restore_rejects_overlapping_target_without_changing_archive[ancestor]" time="0.032" /><testcase classname="tests.sdk-conformance.test_recovery_snapshot" name="test_restore_rejects_overlapping_target_without_changing_archive[descendant]" time="0.031" /><testcase classname="tests.sdk-conformance.test_recovery_snapshot" name="test_snapshot_rejects_overlapping_destination_without_changing_source[same]" time="0.019" /><testcase classname="tests.sdk-conformance.test_recovery_snapshot" name="test_snapshot_rejects_overlapping_destination_without_changing_source[ancestor]" time="0.019" /><testcase classname="tests.sdk-conformance.test_recovery_snapshot" name="test_snapshot_rejects_overlapping_destination_without_changing_source[descendant]" time="0.020" /><testcase classname="tests.sdk-conformance.test_recovery_snapshot" name="test_indented_metadata_size_is_checked_before_snapshot_creation" time="0.217" /><testcase classname="tests.sdk-conformance.test_recovery_snapshot" name="test_symlinks_are_rejected_without_touching_referents[source]" time="0.036" /><testcase classname="tests.sdk-conformance.test_recovery_snapshot" name="test_symlinks_are_rejected_without_touching_referents[source-parent]" time="0.031" /><testcase classname="tests.sdk-conformance.test_recovery_snapshot" name="test_symlinks_are_rejected_without_touching_referents[destination]" time="0.031" /><testcase classname="tests.sdk-conformance.test_recovery_snapshot" name="test_symlinks_are_rejected_without_touching_referents[manifest]" time="0.034" /><testcase classname="tests.sdk-conformance.test_recovery_snapshot" name="test_symlinks_are_rejected_without_touching_referents[payload]" time="0.036" /><testcase classname="tests.sdk-conformance.test_recovery_snapshot" name="test_symlinks_are_rejected_without_touching_referents[restore-target]" time="0.033" /><testcase classname="tests.sdk-conformance.test_recovery_snapshot" name="test_invalid_shard_count_is_rejected_without_output[0]" time="0.018" /><testcase classname="tests.sdk-conformance.test_recovery_snapshot" name="test_invalid_shard_count_is_rejected_without_output[65]" time="0.020" /><testcase classname="tests.sdk-conformance.test_recovery_snapshot" name="test_invalid_shard_count_is_rejected_without_output[True]" time="0.020" /><testcase classname="tests.sdk-conformance.test_recovery_snapshot" name="test_invalid_shard_count_is_rejected_without_output[1]" time="0.019" /><testcase classname="tests.sdk-conformance.test_recovery_snapshot" name="test_failed_snapshot_never_publishes_a_manifest[missing-base]" time="0.020" /><testcase classname="tests.sdk-conformance.test_recovery_snapshot" name="test_failed_snapshot_never_publishes_a_manifest[missing-parent]" time="0.019" /><testcase classname="tests.sdk-conformance.test_recovery_snapshot" name="test_failed_snapshot_never_publishes_a_manifest[corrupt]" time="0.021" /><testcase classname="tests.sdk-conformance.test_recovery_snapshot" name="test_failed_snapshot_never_publishes_a_manifest[wal-symlink]" time="0.019" /><testcase classname="tests.sdk-conformance.test_recovery_snapshot" name="test_failed_snapshot_never_publishes_a_manifest[metadata]" time="0.020" /><testcase classname="tests.sdk-conformance.test_run_tree_rendering" name="test_real_wrapped_run_and_missing_lookup_do_not_reuse_previous_results" time="2.478" /><testcase classname="tests.sdk-conformance.test_run_tree_rendering" name="test_incomplete_run_never_looks_like_zero_or_previous_success[unwrapped]" time="1.715" /><testcase classname="tests.sdk-conformance.test_run_tree_rendering" name="test_incomplete_run_never_looks_like_zero_or_previous_success[null_run]" time="1.637" /><testcase classname="tests.sdk-conformance.test_run_tree_rendering" name="test_incomplete_run_never_looks_like_zero_or_previous_success[wrong_run]" time="1.679" /><testcase classname="tests.sdk-conformance.test_run_tree_rendering" name="test_incomplete_run_never_looks_like_zero_or_previous_success[missing_total]" time="1.598" /><testcase classname="tests.sdk-conformance.test_run_tree_rendering" name="test_incomplete_run_never_looks_like_zero_or_previous_success[missing_count]" time="1.684" /><testcase classname="tests.sdk-conformance.test_run_tree_rendering" name="test_incomplete_run_never_looks_like_zero_or_previous_success[negative]" time="1.666" /><testcase classname="tests.sdk-conformance.test_run_tree_rendering" name="test_incomplete_run_never_looks_like_zero_or_previous_success[unsafe]" time="1.697" /><testcase classname="tests.sdk-conformance.test_run_tree_rendering" name="test_incomplete_run_never_looks_like_zero_or_previous_success[null_node]" time="1.601" /><testcase classname="tests.sdk-conformance.test_run_tree_rendering" name="test_incomplete_run_never_looks_like_zero_or_previous_success[missing_own]" time="1.704" /><testcase classname="tests.sdk-conformance.test_run_tree_rendering" name="test_incomplete_run_never_looks_like_zero_or_previous_success[invalid_children]" time="1.645" /><testcase classname="tests.sdk-conformance.test_shutdown" name="test_sigterm_keeps_fresh_and_keepalive_probes_reachable_and_rejects_work[http]" time="1.502" /><testcase classname="tests.sdk-conformance.test_shutdown" name="test_sigterm_keeps_fresh_and_keepalive_probes_reachable_and_rejects_work[tls]" time="1.502" /><testcase classname="tests.sdk-conformance.test_shutdown" name="test_inflight_sse_finishes_but_queued_request_cannot_dispatch_after_sigterm[http]" time="1.607" /><testcase classname="tests.sdk-conformance.test_shutdown" name="test_inflight_sse_finishes_but_queued_request_cannot_dispatch_after_sigterm[tls]" time="1.626" /><testcase classname="tests.sdk-conformance.test_shutdown" name="test_body_started_before_cutoff_cannot_dispatch_when_completed_after_cutoff" time="1.502" /><testcase classname="tests.sdk-conformance.test_shutdown" name="test_hung_sse_obeys_one_total_shutdown_deadline" time="2.581" /><testcase classname="tests.sdk-conformance.test_shutdown" name="test_probe_reachability_during_quiesce_still_requires_connection_capacity" time="1.502" /><testcase classname="tests.sdk-conformance.test_shutdown" name="test_locked_settlement_cannot_extend_shutdown_past_watchdog" time="1.580" /><testcase classname="tests.sdk-conformance.test_store_startup" name="test_failed_ledger_open_cannot_bypass_persisted_zero_block_cap" time="1.292" /><testcase classname="tests.sdk-conformance.test_store_startup" name="test_unopenable_configured_base_fails_startup[corrupt]" time="0.501" /><testcase classname="tests.sdk-conformance.test_store_startup" name="test_unopenable_configured_base_fails_startup[directory]" time="0.501" /><testcase classname="tests.sdk-conformance.test_store_startup" name="test_unopenable_configured_base_fails_startup[missing-parent]" time="0.501" /><testcase classname="tests.sdk-conformance.test_store_startup" name="test_healthy_base_with_unopenable_shard_fails_startup" time="0.501" /><testcase classname="tests.sdk-conformance.test_store_startup" name="test_configured_component_initialization_failure_is_fatal[vault-vault]" time="0.501" /><testcase classname="tests.sdk-conformance.test_store_startup" name="test_configured_component_initialization_failure_is_fatal[vkeys-virtual_keys]" time="0.501" /><testcase classname="tests.sdk-conformance.test_store_startup" name="test_configured_component_initialization_failure_is_fatal[alerts-alert_rules]" time="0.501" /><testcase classname="tests.sdk-conformance.test_store_startup" name="test_invalid_store_configuration_is_not_implicit_memory[]" time="0.501" /><testcase classname="tests.sdk-conformance.test_store_startup" name="test_invalid_store_configuration_is_not_implicit_memory[   ]" time="0.501" /><testcase classname="tests.sdk-conformance.test_store_startup" name="test_invalid_store_configuration_is_not_implicit_memory[:memory:]" time="0.501" /><testcase classname="tests.sdk-conformance.test_store_startup" name="test_invalid_store_configuration_is_not_implicit_memory[file::memory:?cache=shared]" time="0.501" /><testcase classname="tests.sdk-conformance.test_store_startup" name="test_invalid_store_configuration_is_not_implicit_memory[file:temporary?mode=memory&amp;cache=shared]" time="0.501" /><testcase classname="tests.sdk-conformance.test_store_startup" name="test_invalid_store_configuration_is_not_implicit_memory[file:usage.db?mode=rwc]" time="0.504" /><testcase classname="tests.sdk-conformance.test_store_startup" name="test_non_utf8_store_configuration_is_not_implicit_memory" time="0.501" /><testcase classname="tests.sdk-conformance.test_store_startup" name="test_explicit_no_store_and_valid_store_remain_healthy_with_unavailable_broker[False]" time="0.531" /><testcase classname="tests.sdk-conformance.test_store_startup" name="test_explicit_no_store_and_valid_store_remain_healthy_with_unavailable_broker[True]" time="0.595" /><testcase classname="tests.sdk-conformance.test_workload_acceptance" name="test_invalid_profiles_rejected[changes0]" time="0.000" /><testcase classname="tests.sdk-conformance.test_workload_acceptance" name="test_invalid_profiles_rejected[changes1]" time="0.000" /><testcase classname="tests.sdk-conformance.test_workload_acceptance" name="test_invalid_profiles_rejected[changes2]" time="0.000" /><testcase classname="tests.sdk-conformance.test_workload_acceptance" name="test_invalid_profiles_rejected[changes3]" time="0.000" /><testcase classname="tests.sdk-conformance.test_workload_acceptance" name="test_invalid_profiles_rejected[changes4]" time="0.000" /><testcase classname="tests.sdk-conformance.test_workload_acceptance" name="test_invalid_profiles_rejected[changes5]" time="0.000" /><testcase classname="tests.sdk-conformance.test_workload_acceptance" name="test_invalid_profiles_rejected[changes6]" time="0.000" /><testcase classname="tests.sdk-conformance.test_workload_acceptance" name="test_invalid_profiles_rejected[changes7]" time="0.000" /><testcase classname="tests.sdk-conformance.test_workload_acceptance" name="test_invalid_profiles_rejected[changes8]" time="0.000" /><testcase classname="tests.sdk-conformance.test_workload_acceptance" name="test_invalid_profiles_rejected[changes9]" time="0.000" /><testcase classname="tests.sdk-conformance.test_workload_acceptance" name="test_invalid_profiles_rejected[changes10]" time="0.000" /><testcase classname="tests.sdk-conformance.test_workload_acceptance" name="test_invalid_profiles_rejected[changes11]" time="0.000" /><testcase classname="tests.sdk-conformance.test_workload_acceptance" name="test_invalid_profiles_rejected[changes12]" time="0.000" /><testcase classname="tests.sdk-conformance.test_workload_acceptance" name="test_optimized_python_cannot_publish_unchecked_acceptance" time="0.140" /><testcase classname="tests.sdk-conformance.test_workload_acceptance" name="test_summary_cannot_overwrite_full_evidence[same]" time="0.081" /><testcase classname="tests.sdk-conformance.test_workload_acceptance" name="test_summary_cannot_overwrite_full_evidence[symlink]" time="0.121" /><testcase classname="tests.sdk-conformance.test_workload_acceptance" name="test_summary_cannot_overwrite_full_evidence[hardlink]" time="0.077" /><testcase classname="tests.sdk-conformance.test_workload_acceptance" name="test_invalid_samples_never_become_zero_latency[values0]" time="0.000" /><testcase classname="tests.sdk-conformance.test_workload_acceptance" name="test_invalid_samples_never_become_zero_latency[values1]" time="0.000" /><testcase classname="tests.sdk-conformance.test_workload_acceptance" name="test_invalid_samples_never_become_zero_latency[values2]" time="0.000" /><testcase classname="tests.sdk-conformance.test_workload_acceptance" name="test_invalid_samples_never_become_zero_latency[values3]" time="0.000" /><testcase classname="tests.sdk-conformance.test_workload_acceptance" name="test_nearest_rank_percentiles_and_accounting_categories" time="0.000" /><testcase classname="tests.sdk-conformance.test_workload_acceptance" name="test_missing_observability_is_not_a_quiet_pass" time="0.000" /><testcase classname="tests.sdk-conformance.test_workload_acceptance" name="test_unavailable_process_counters_are_explicit" time="0.001" /><testcase classname="tests.sdk-conformance.test_workload_acceptance" name="test_credentials_and_exporters_are_not_inherited" time="0.000" /><testcase classname="tests.sdk-conformance.test_workload_acceptance" name="test_payload_checker_rejects_wrong_reasoning_and_incomplete_content" time="0.000" /><testcase classname="tests.sdk-conformance.test_workload_acceptance" name="test_fixed_arrivals_report_overload_instead_of_becoming_closed_loop" time="0.057" /><testcase classname="tests.sdk-conformance.test_workload_acceptance" name="test_request_failures_invalidate_acceptance" time="0.005" /><testcase classname="tests.sdk-conformance.test_workload_acceptance" name="test_accounting_requires_exact_events_and_independent_views[None]" time="0.034" /><testcase classname="tests.sdk-conformance.test_workload_acceptance" name="test_accounting_requires_exact_events_and_independent_views[category]" time="0.036" /><testcase classname="tests.sdk-conformance.test_workload_acceptance" name="test_accounting_requires_exact_events_and_independent_views[duplicate]" time="0.027" /><testcase classname="tests.sdk-conformance.test_workload_acceptance" name="test_accounting_requires_exact_events_and_independent_views[scope_spend]" time="0.039" /><testcase classname="tests.sdk-conformance.test_workload_acceptance" name="test_accounting_requires_exact_events_and_independent_views[extra_scope]" time="0.029" /><testcase classname="tests.sdk-conformance.test_workload_acceptance" name="test_accounting_requires_exact_events_and_independent_views[run_total]" time="0.029" /><testcase classname="tests.sdk-conformance.test_workload_acceptance" name="test_valid_content_and_usage_without_terminal_finish_fails[transparent-unary]" time="0.000" /><testcase classname="tests.sdk-conformance.test_workload_acceptance" name="test_valid_content_and_usage_without_terminal_finish_fails[translation-unary]" time="0.000" /><testcase classname="tests.sdk-conformance.test_workload_acceptance" name="test_valid_content_and_usage_without_terminal_finish_fails[transparent-sse]" time="0.000" /><testcase classname="tests.sdk-conformance.test_workload_acceptance" name="test_valid_content_and_usage_without_terminal_finish_fails[translation-sse]" time="0.000" /><testcase classname="tests.sdk-conformance.test_workload_acceptance" name="test_summary_omits_samples_but_preserves_evidence_and_full_report_digest" time="0.000" /><testcase classname="tests.sdk-conformance.test_workload_acceptance" name="test_translated_stream_requires_final_sentinel[-False]" time="0.001" /><testcase classname="tests.sdk-conformance.test_workload_acceptance" name="test_translated_stream_requires_final_sentinel[data: [DONE]\n\n-True]" time="0.001" /><testcase classname="tests.sdk-conformance.test_workload_acceptance" name="test_translated_stream_requires_final_sentinel[data: [DONE]\n\ndata: {}\n\n-False]" time="0.001" /><testcase classname="tests.sdk-conformance.test_workload_acceptance" name="test_malformed_success_payload_is_a_recorded_failure[null]" time="0.001" /><testcase classname="tests.sdk-conformance.test_workload_acceptance" name="test_malformed_success_payload_is_a_recorded_failure[[]]" time="0.001" /><testcase classname="tests.sdk-conformance.test_workload_acceptance" name="test_malformed_success_payload_is_a_recorded_failure[123]" time="0.001" /><testcase classname="tests.sdk-conformance.test_workload_acceptance" name="test_loopback_workload_smoke" time="5.491" /></testsuite></testsuites>